\BOOKMARK [1][-]{section.1}{\376\377\000A\000\040\000r\000a\000n\000d\000o\000m\000\040\000w\000a\000l\000k\000\040\000o\000n\000\040\000h\000y\000p\000e\000r\000g\000r\000a\000p\000h\000s}{}% 1
\BOOKMARK [2][-]{subsection.1.1}{\376\377\000D\000e\000f\000i\000n\000i\000t\000i\000o\000n\000\040\000o\000f\000\040\000t\000h\000e\000\040\000w\000a\000l\000k}{section.1}% 2
\BOOKMARK [2][-]{subsection.1.2}{\376\377\000G\000r\000a\000p\000h\000-\000t\000h\000e\000o\000r\000e\000t\000i\000c\000\040\000p\000r\000o\000p\000e\000r\000t\000i\000e\000s\000\040\000o\000f\000\040\000t\000h\000e\000\040\000w\000a\000l\000k}{section.1}% 3
\BOOKMARK [3][-]{subsubsection.1.2.1}{\376\377\000D\000e\000g\000r\000e\000e}{subsection.1.2}% 4
\BOOKMARK [3][-]{subsubsection.1.2.2}{\376\377\000D\000i\000a\000m\000e\000t\000e\000r}{subsection.1.2}% 5
\BOOKMARK [2][-]{subsection.1.3}{\376\377\000M\000o\000d\000e\000l\000l\000i\000n\000g\000\040\000w\000h\000e\000r\000e\000\040\000t\000h\000e\000\040\000w\000a\000l\000k\000\040\000g\000o\000e\000s}{section.1}% 6
\BOOKMARK [3][-]{subsubsection.1.3.1}{\376\377\000N\000u\000m\000b\000e\000r\000\040\000o\000f\000\040\000c\000l\000i\000q\000u\000e\000s}{subsection.1.3}% 7
\BOOKMARK [3][-]{subsubsection.1.3.2}{\376\377\000N\000u\000m\000b\000e\000r\000\040\000o\000f\000\040\000g\000a\000t\000e\000s}{subsection.1.3}% 8
\BOOKMARK [3][-]{subsubsection.1.3.3}{\376\377\000A\000n\000\040\000e\000x\000a\000m\000p\000l\000e}{subsection.1.3}% 9
\BOOKMARK [3][-]{subsubsection.1.3.4}{\376\377\000B\000o\000u\000n\000d\000s\000\040\000f\000o\000r\000\040\000a\000l\000l\000\040\000s\000e\000t\000s\000\040\000o\000f\000\040\000c\000l\000i\000q\000u\000e\000s}{subsection.1.3}% 10
\BOOKMARK [2][-]{subsection.1.4}{\376\377\000P\000l\000o\000t\000t\000i\000n\000g\000\040\000t\000h\000e\000\040\000w\000a\000l\000k}{section.1}% 11
\BOOKMARK [1][-]{section.2}{\376\377\000A\000\040\000b\000o\000u\000n\000d\000\040\000u\000s\000i\000n\000g\000\040\000i\000n\000t\000e\000g\000e\000r\000\040\000p\000r\000o\000g\000r\000a\000m\000m\000i\000n\000g\000?}{}% 12
\BOOKMARK [2][-]{subsection.2.1}{\376\377\000V\000a\000r\000i\000a\000b\000l\000e\000s\000\040\000a\000n\000d\000\040\000o\000b\000j\000e\000c\000t\000i\000v\000e\000\040\000f\000u\000n\000c\000t\000i\000o\000n}{section.2}% 13
\BOOKMARK [2][-]{subsection.2.2}{\376\377\000C\000o\000u\000n\000t\000i\000n\000g\000\040\000f\000u\000n\000c\000t\000i\000o\000n\000s}{section.2}% 14
\BOOKMARK [2][-]{subsection.2.3}{\376\377\000C\000o\000u\000n\000t\000i\000n\000g\000\040\000s\000e\000t\000s\000\040\000o\000f\000\040\000c\000l\000i\000q\000u\000e\000s}{section.2}% 15
\BOOKMARK [2][-]{subsection.2.4}{\376\377\000T\000h\000e\000\040\000w\000a\000l\000k\000i\000n\000g\000\040\000b\000o\000u\000n\000d}{section.2}% 16
\BOOKMARK [2][-]{subsection.2.5}{\376\377\000B\000o\000u\000n\000d\000\040\000o\000n\000\040\000f\000i\000n\000d\000i\000n\000g\000\040\000z\000e\000r\000o\000\040\000c\000l\000i\000q\000u\000e\000s}{section.2}% 17
\BOOKMARK [1][-]{section.3}{\376\377\000R\000e\000s\000u\000l\000t\000s}{}% 18
\BOOKMARK [1][-]{section.4}{\376\377\000B\000o\000u\000n\000d\000i\000n\000g\000\040\000t\000h\000e\000\040\000p\000a\000r\000i\000t\000y\000\040\000o\000f\000\040\000t\000h\000e\000\040\000n\000u\000m\000b\000e\000r\000\040\000o\000f\000\040\000c\000l\000i\000q\000u\000e\000s}{}% 19
\BOOKMARK [2][-]{subsection.4.1}{\376\377\000A\000d\000d\000i\000t\000i\000o\000n\000a\000l\000\040\000b\000o\000u\000n\000d\000s\000\040\000o\000n\000\040\000B\000U\000G\000G\000Y\000-\000C\000L\000I\000Q\000U\000E\000-\000P\000A\000R\000I\000T\000Y}{section.4}% 20
\BOOKMARK [2][-]{subsection.4.2}{\376\377\000B\000o\000u\000n\000d\000s\000\040\000o\000n\000\040\000B\000U\000G\000G\000Y\000-\000C\000L\000I\000Q\000U\000E\000-\000P\000A\000R\000I\000T\000Y\000\040\000u\000s\000i\000n\000g\000\040\000l\000i\000n\000e\000a\000r\000\040\000p\000r\000o\000g\000r\000a\000m\000m\000i\000n\000g}{section.4}% 21
\BOOKMARK [1][-]{section.5}{\376\377\000C\000o\000n\000c\000l\000u\000s\000i\000o\000n}{}% 22
\BOOKMARK [1][-]{section.6}{\376\377\000A\000c\000k\000n\000o\000w\000l\000e\000d\000g\000e\000m\000e\000n\000t\000s}{}% 23
