\BOOKMARK [1][-]{section.1}{\376\377\000A\000\040\000c\000o\000u\000n\000t\000i\000n\000g\000\040\000b\000o\000u\000n\000d}{}% 1
\BOOKMARK [2][-]{subsection.1.1}{\376\377\000B\000a\000c\000k\000g\000r\000o\000u\000n\000d\000:\000\040\000l\000o\000w\000e\000r\000\040\000b\000o\000u\000n\000d\000s\000\040\000f\000r\000o\000m\000\040\000f\000u\000n\000c\000t\000i\000o\000n\000\040\000c\000o\000u\000n\000t\000i\000n\000g}{section.1}% 2
\BOOKMARK [2][-]{subsection.1.2}{\376\377\000C\000o\000u\000n\000t\000i\000n\000g\000\040\000C\000L\000I\000Q\000U\000E\000-\000l\000i\000k\000e\000\040\000f\000u\000n\000c\000t\000i\000o\000n\000s}{section.1}% 3
\BOOKMARK [2][-]{subsection.1.3}{\376\377\000D\000e\000f\000i\000n\000i\000n\000g\000\040\000l\000e\000v\000e\000l\000s\000\040\000o\000f\000\040\000B\000U\000G\000G\000Y\000C\000L\000I\000Q\000U\000E}{section.1}% 4
\BOOKMARK [2][-]{subsection.1.4}{\376\377\000C\000o\000m\000p\000a\000r\000i\000n\000g\000\040\000s\000e\000t\000s\000\040\000o\000f\000\040\000f\000u\000n\000c\000t\000i\000o\000n\000s\000\040\000u\000s\000i\000n\000g\000\040\000r\000e\000s\000t\000r\000i\000c\000t\000i\000o\000n\000s}{section.1}% 5
\BOOKMARK [2][-]{subsection.1.5}{\376\377\000T\000h\000e\000\040\000z\000e\000r\000o\000i\000n\000g\000-\000o\000u\000t\000\040\000l\000a\000t\000t\000i\000c\000e\000\040\000Z}{section.1}% 6
\BOOKMARK [2][-]{subsection.1.6}{\376\377\000W\000h\000i\000c\000h\000\040\000s\000e\000t\000s\000\040\000o\000f\000\040\000c\000l\000i\000q\000u\000e\000s\000\040\000a\000r\000e\000\040\000h\000a\000r\000d\000\040\000t\000o\000\040\000f\000i\000n\000d\000?}{section.1}% 7
\BOOKMARK [2][-]{subsection.1.7}{\376\377\000C\000o\000n\000n\000e\000c\000t\000i\000o\000n\000\040\000t\000o\000\040\000n\000a\000t\000u\000r\000a\000l\000\040\000p\000r\000o\000o\000f\000s}{section.1}% 8
\BOOKMARK [1][-]{section.2}{\376\377\000U\000s\000i\000n\000g\000\040\000r\000a\000n\000d\000o\000m\000\040\000r\000e\000s\000t\000r\000i\000c\000t\000i\000o\000n\000s}{}% 9
\BOOKMARK [2][-]{subsection.2.1}{\376\377\000C\000o\000u\000n\000t\000i\000n\000g\000\040\000f\000u\000n\000c\000t\000i\000o\000n\000s\000\040\000b\000y\000\040\000t\000h\000e\000i\000r\000\040\000`\000`\000r\000a\000n\000k\000'\000'\000\040\000i\000n\000\040\000a\000\040\000l\000i\000s\000t}{section.2}% 10
\BOOKMARK [2][-]{subsection.2.2}{\376\377\000H\000o\000w\000\040\000m\000u\000c\000h\000\040\000s\000m\000a\000l\000l\000e\000r\000\040\000a\000r\000e\000\040\000`\000`\000r\000e\000s\000t\000r\000i\000c\000t\000e\000d\000'\000'\000\040\000c\000i\000r\000c\000u\000i\000t\000s\000,\000\040\000o\000n\000\040\000a\000v\000e\000r\000a\000g\000e\000?}{section.2}% 11
\BOOKMARK [3][-]{subsubsection.2.2.1}{\376\377\000Z\000e\000r\000o\000i\000n\000g\000\040\000o\000u\000t\000\040\000v\000e\000r\000t\000i\000c\000e\000s}{subsection.2.2}% 12
\BOOKMARK [2][-]{subsection.2.3}{\376\377\000C\000a\000n\000\040\000w\000e\000\040\000b\000o\000u\000n\000d\000\040\000t\000h\000i\000s\000\040\000u\000s\000i\000n\000g\000\040\000l\000i\000n\000e\000a\000r\000\040\000p\000r\000o\000g\000r\000a\000m\000m\000i\000n\000g\000?}{section.2}% 13
\BOOKMARK [3][-]{subsubsection.2.3.1}{\376\377\000S\000o\000m\000e\000\040\000t\000r\000i\000v\000i\000a\000l\000\040\000r\000a\000n\000k\000\040\000u\000p\000p\000e\000r\000\040\000b\000o\000u\000n\000d\000s}{subsection.2.3}% 14
\BOOKMARK [3][-]{subsubsection.2.3.2}{\376\377\000G\000e\000n\000e\000r\000a\000l\000i\000z\000i\000n\000g\000\040\000t\000h\000a\000t\000\040\000u\000p\000p\000e\000r\000\040\000b\000o\000u\000n\000d}{subsection.2.3}% 15
\BOOKMARK [3][-]{subsubsection.2.3.3}{\376\377\000A\000v\000e\000r\000a\000g\000e\000\040\000c\000o\000n\000s\000t\000r\000a\000i\000n\000t\000s}{subsection.2.3}% 16
\BOOKMARK [3][-]{subsubsection.2.3.4}{\376\377\000R\000e\000s\000u\000l\000t\000s}{subsection.2.3}% 17
\BOOKMARK [1][-]{section.3}{\376\377\000R\000e\000l\000a\000t\000e\000d\000\040\000w\000o\000r\000k}{}% 18
\BOOKMARK [1][-]{section.4}{\376\377\000C\000o\000n\000c\000l\000u\000s\000i\000o\000n}{}% 19
\BOOKMARK [1][-]{section.5}{\376\377\000A\000c\000k\000n\000o\000w\000l\000e\000d\000g\000e\000m\000e\000n\000t\000s}{}% 20
